build/app/outputs/mapping/debug/seeds.txt
com.example.ajfereme.MainActivity: MainActivity()
com.example.ajfereme.MainActivity
...
com.google.firebase.firestore.DocumentSnapshot$ServerTimestampBehavior: com.google.firebase.firestore.DocumentSnapshot$ServerTimestampBehavior[] values()
com.google.android.gms.internal.firebase-auth-api.zzit: int zzg
io.flutter.embedding.engine.FlutterJNI: void onSurfaceChanged(int,int)
androidx.lifecycle.ReflectiveGenericLifecycleObserver
com.google.firestore.v1.StructuredQuery$Order: com.google.firestore.v1.StructuredQuery$FieldReference field_
io.flutter.embedding.engine.FlutterJNI: float refreshRateFPS
com.google.firebase.firestore.proto.Target$TargetTypeCase: com.google.firebase.firestore.proto.Target$TargetTypeCase valueOf(java.lang.String)
com.google.firestore.v1.BatchGetDocumentsResponse: int MISSING_FIELD_NUMBER
com.google.android.gms.internal.firebase-auth-api.zzfa: com.google.android.gms.internal.firebase-auth-api.zzfg zze
com.google.firebase.firestore.proto.NoDocument: com.google.protobuf.Parser PARSER
com.google.android.gms.internal.firebase-auth-api.zzel: com.google.android.gms.internal.firebase-auth-api.zzel zzg
com.google.android.gms.internal.firebase-auth-api.zzik: int zzf
com.google.android.gms.internal.firebase-auth-api.zzeu: int zzb
com.google.android.gms.measurement.internal.AppMeasurementDynamiteService: void setCurrentScreen(com.google.android.gms.dynamic.IObjectWrapper,java.lang.String,java.lang.String,long)
io.flutter.embedding.engine.FlutterJNI: void nativeUnregisterTexture(long,long)
com.google.android.gms.measurement.internal.AppMeasurementDynamiteService: AppMeasurementDynamiteService()
androidx.lifecycle.Lifecycle$Event: androidx.lifecycle.Lifecycle$Event[] values()
com.google.android.gms.internal.firebase-auth-api.zzfs
com.google.android.gms.internal.firebase-auth-api.zzmn: android.os.Parcelable$Creator CREATOR
com.google.android.gms.measurement.internal.AppMeasurementDynamiteService: void getAppInstanceId(com.google.android.gms.internal.measurement.zzt)
io.flutter.embedding.engine.FlutterJNI: void dispatchSemanticsAction(int,io.flutter.view.AccessibilityBridge$Action,java.lang.Object)
com.google.android.gms.internal.measurement.zzhr: int zzd
io.flutter.view.AccessibilityViewEmbedder: android.util.SparseArray flutterIdToOrigin
io.flutter.plugin.editing.ImeSyncDeferringInsetsCallback: boolean access$300(io.flutter.plugin.editing.ImeSyncDeferringInsetsCallback)
com.google.firebase.firestore.remote.Stream$State: com.google.firebase.firestore.remote.Stream$State[] values()
com.google.android.gms.measurement.AppMeasurement$ConditionalUserProperty: long mTriggerTimeout
io.flutter.plugins.urllauncher.UrlLauncher$LaunchStatus: io.flutter.plugins.urllauncher.UrlLauncher$LaunchStatus valueOf(java.lang.String)
com.google.firestore.v1.Target: int targetTypeCase_
com.google.android.gms.auth.api.signin.RevocationBoundService
com.google.android.gms.internal.firebase-auth-api.zzgh
com.google.firestore.v1.StructuredQuery$Filter: int filterTypeCase_
io.grpc.okhttp.OkHttpChannelBuilder$NegotiationType: io.grpc.okhttp.OkHttpChannelBuilder$NegotiationType[] values()
com.google.android.gms.internal.measurement.zzco
io.flutter.embedding.engine.FlutterJNI: boolean prefetchDefaultFontManagerCalled
com.google.android.gms.measurement.internal.AppMeasurementDynamiteService: void setConsentThirdParty(android.os.Bundle,long)
io.flutter.view.AccessibilityViewEmbedder: android.view.View platformViewOfNode(int)
com.google.android.gms.internal.measurement.zzcy: com.google.android.gms.internal.measurement.zzdr zzg
com.google.android.gms.internal.firebase-auth-api.zzfj: com.google.android.gms.internal.firebase-auth-api.zzfj zzg
com.google.firestore.v1.StructuredQuery: int START_AT_FIELD_NUMBER
io.flutter.plugins.firebase.core.FlutterFirebasePlugin: com.google.android.gms.tasks.Task getPluginConstantsForFirebaseApp(com.google.firebase.FirebaseApp)
com.google.android.gms.measurement.internal.AppMeasurementDynamiteService: void performAction(android.os.Bundle,com.google.android.gms.internal.measurement.zzt,long)