build/app/outputs/mapping/debug/mapping.txt
# compiler: R8
# compiler_version: 2.1.62
# min_api: 16
# pg_map_id: a14c58d
# common_typos_disable
com.example.ajfereme.MainActivity -> com.example.ajfereme.MainActivity:
    5:5:void <init>() -> <init>
...
io.flutter.embedding.engine.mutatorsstack.FlutterMutatorView -> io.flutter.embedding.engine.mutatorsstack.a:
    int prevLeft -> h
    float screenDensity -> e
    int prevTop -> i
    int left -> f
    int top -> g
    io.flutter.embedding.engine.mutatorsstack.FlutterMutatorsStack mutatorsStack -> d
    io.flutter.embedding.android.AndroidTouchProcessor androidTouchProcessor -> j
    35:38:void <init>(android.content.Context,float,io.flutter.embedding.android.AndroidTouchProcessor) -> <init>
    52:60:void readyToDisplay(io.flutter.embedding.engine.mutatorsstack.FlutterMutatorsStack,int,int,int,int) -> a
    84:89:void dispatchDraw(android.graphics.Canvas) -> dispatchDraw
    65:79:void draw(android.graphics.Canvas) -> draw
    92:111:android.graphics.Matrix getPlatformViewMatrix() -> getPlatformViewMatrix
    117:117:boolean onInterceptTouchEvent(android.view.MotionEvent) -> onInterceptTouchEvent
    123:147:boolean onTouchEvent(android.view.MotionEvent) -> onTouchEvent
io.flutter.embedding.engine.mutatorsstack.FlutterMutatorsStack -> io.flutter.embedding.engine.mutatorsstack.FlutterMutatorsStack:
    140:144:void <init>() -> <init>
    208:208:java.util.List getFinalClippingPaths() -> getFinalClippingPaths
    216:216:android.graphics.Matrix getFinalMatrix() -> getFinalMatrix
    195:195:java.util.List getMutators() -> getMutators
    182:189:void pushClipRRect(int,int,int,int,float[]) -> pushClipRRect
    162:169:void pushClipRect(int,int,int,int) -> pushClipRect
    153:158:void pushTransform(float[]) -> pushTransform
io.flutter.embedding.engine.mutatorsstack.FlutterMutatorsStack$FlutterMutator -> io.flutter.embedding.engine.mutatorsstack.FlutterMutatorsStack$a:
    android.graphics.Matrix matrix -> a
    59:62:void <init>(io.flutter.embedding.engine.mutatorsstack.FlutterMutatorsStack,android.graphics.Rect) -> <init>
    71:75:void <init>(io.flutter.embedding.engine.mutatorsstack.FlutterMutatorsStack,android.graphics.Rect,float[]) -> <init>
    92:95:void <init>(io.flutter.embedding.engine.mutatorsstack.FlutterMutatorsStack,android.graphics.Matrix) -> <init>
    130:130:android.graphics.Matrix getMatrix() -> a
io.flutter.embedding.engine.mutatorsstack.FlutterMutatorsStack$FlutterMutatorType -> io.flutter.embedding.engine.mutatorsstack.FlutterMutatorsStack$b:
    io.flutter.embedding.engine.mutatorsstack.FlutterMutatorsStack$FlutterMutatorType OPACITY -> h
    io.flutter.embedding.engine.mutatorsstack.FlutterMutatorsStack$FlutterMutatorType[] $VALUES -> i
    io.flutter.embedding.engine.mutatorsstack.FlutterMutatorsStack$FlutterMutatorType CLIP_RECT -> d
    io.flutter.embedding.engine.mutatorsstack.FlutterMutatorsStack$FlutterMutatorType CLIP_RRECT -> e
    io.flutter.embedding.engine.mutatorsstack.FlutterMutatorsStack$FlutterMutatorType CLIP_PATH -> f
    io.flutter.embedding.engine.mutatorsstack.FlutterMutatorsStack$FlutterMutatorType TRANSFORM -> g
    30:35:void <clinit>() -> <clinit>
    30:30:void <init>(java.lang.String,int) -> <init>
    30:30:io.flutter.embedding.engine.mutatorsstack.FlutterMutatorsStack$FlutterMutatorType valueOf(java.lang.String) -> valueOf
    30:30:io.flutter.embedding.engine.mutatorsstack.FlutterMutatorsStack$FlutterMutatorType[] values() -> values
io.flutter.embedding.engine.plugins.FlutterPlugin -> io.flutter.embedding.engine.h.a:
    void onAttachedToEngine(io.flutter.embedding.engine.plugins.FlutterPlugin$FlutterPluginBinding) -> c
    void onDetachedFromEngine(io.flutter.embedding.engine.plugins.FlutterPlugin$FlutterPluginBinding) -> f
io.flutter.embedding.engine.plugins.FlutterPlugin$FlutterAssets -> io.flutter.embedding.engine.h.a$a: