build/app/outputs/mapping/debug/usage.txt
com.example.ajfereme.R$dimen
com.example.ajfereme.R$color
com.example.ajfereme.R$style
com.example.ajfereme.R$string
com.example.ajfereme.R$id
com.example.ajfereme.R$mipmap
com.example.ajfereme.R$integer
com.example.ajfereme.BuildConfig
com.example.ajfereme.R$layout
com.example.ajfereme.R$drawable
com.example.ajfereme.R$styleable
com.example.ajfereme.R$attr
com.example.ajfereme.R
...
com.google.firebase.database.R$string
com.google.protobuf.StringValue$1
com.google.api.Authentication
io.flutter.plugins.firebase.firestore.R$dimen
com.google.firebase.firestore.core.TransactionRunner:
    private static final int RETRY_COUNT
com.google.common.collect.ImmutableSortedSet$SerializedForm
com.google.android.gms.internal.firebase-auth-api.zzif:
    static void <clinit>()
    static final synthetic int[] zza
androidx.core.app.NotificationCompat$BigPictureStyle
androidx.core.content.pm.ShortcutInfoCompatSaver$NoopImpl
com.google.common.cache.LocalCache$LocalManualCache$1
com.google.common.collect.Iterators$8
kotlin.text.StringsKt___StringsKt$chunkedSequence$1
kotlin.LazyThreadSafetyMode
com.google.rpc.Help$Link$Builder
com.google.common.collect.TreeTraverser$BreadthFirstIterator
com.google.android.gms.auth.api.proxy.ProxyApi$ProxyResult
com.google.android.gms.auth.api.phone.SmsRetrieverClient:
    public void <init>(android.app.Activity)
    public abstract com.google.android.gms.tasks.Task startSmsUserConsent(java.lang.String)
com.google.android.gms.tasks.zzx
androidx.core.view.inputmethod.InputContentInfoCompat$InputContentInfoCompatBaseImpl
com.google.common.hash.ChecksumHashFunction$ChecksumHasher
io.grpc.InternalChannelz$ServerStats$Builder
com.google.common.util.concurrent.InterruptibleTask$DoNothingRunnable
com.google.firestore.v1.ListCollectionIdsRequest$1
androidx.core.content.FileProvider$PathStrategy
com.google.longrunning.Operation$Builder
com.google.firestore.v1.WriteRequestOrBuilder
io.grpc.inprocess.InProcessTransport$SingleMessageProducer
kotlin.time.AdjustedClockMark
io.grpc.util.TransmitStatusRuntimeExceptionInterceptor$SerializingServerCall$6
androidx.drawerlayout.widget.DrawerLayout$AccessibilityDelegate
com.google.firebase.firestore.R$style
com.google.firebase.database.DatabaseError:
    public static final int DATA_STALE
    public static final int OPERATION_FAILED
    public static final int PERMISSION_DENIED
    public static final int DISCONNECTED
    public static final int EXPIRED_TOKEN
    public static final int INVALID_TOKEN
    public static final int MAX_RETRIES
    public static final int OVERRIDDEN_BY_SET
    public static final int UNAVAILABLE
    public static final int USER_CODE_EXCEPTION
    public static final int NETWORK_ERROR
    public static final int WRITE_CANCELED
    public static final int UNKNOWN_ERROR
com.google.android.gms.tasks.zzg:
    public final void cancel()
com.google.common.util.concurrent.ServiceManager$EmptyServiceManagerWarning
com.google.firestore.v1.TransactionOptions$ReadWrite:
    private void setRetryTransaction(com.google.protobuf.ByteString)
    private void clearRetryTransaction()
    public static com.google.firestore.v1.TransactionOptions$ReadWrite parseFrom(java.nio.ByteBuffer)
    public static com.google.firestore.v1.TransactionOptions$ReadWrite parseFrom(java.nio.ByteBuffer,com.google.protobuf.ExtensionRegistryLite)
    public static com.google.firestore.v1.TransactionOptions$ReadWrite parseFrom(com.google.protobuf.ByteString)
    public static com.google.firestore.v1.TransactionOptions$ReadWrite parseFrom(com.google.protobuf.ByteString,com.google.protobuf.ExtensionRegistryLite)
    public static com.google.firestore.v1.TransactionOptions$ReadWrite parseFrom(byte[])
    public static com.google.firestore.v1.TransactionOptions$ReadWrite parseFrom(byte[],com.google.protobuf.ExtensionRegistryLite)
    public static com.google.firestore.v1.TransactionOptions$ReadWrite parseFrom(java.io.InputStream)
    public static com.google.firestore.v1.TransactionOptions$ReadWrite parseFrom(java.io.InputStream,com.google.protobuf.ExtensionRegistryLite)
    public static com.google.firestore.v1.TransactionOptions$ReadWrite parseDelimitedFrom(java.io.InputStream)
    public static com.google.firestore.v1.TransactionOptions$ReadWrite parseDelimitedFrom(java.io.InputStream,com.google.protobuf.ExtensionRegistryLite)
androidx.annotation.RestrictTo$Scope